[23:49:06] [Server thread/INFO]: Starting minecraft server version 1.8.8
[23:49:06] [Server thread/INFO]: Loading properties
[23:49:07] [Server thread/INFO]: Default game type: SURVIVAL
[23:49:07] [Server thread/INFO]: This server is running CraftBukkit version git-Spigot-db6de12-18fbb24 (MC: 1.8.8) (Implementing API version 1.8.8-R0.1-SNAPSHOT)
[23:49:08] [Server thread/INFO]: Server Ping Player Sample Count: 12
[23:49:08] [Server thread/INFO]: Using 4 threads for Netty based IO
[23:49:08] [Server thread/INFO]: Debug logging is disabled
[23:49:08] [Server thread/INFO]: Generating keypair
[23:49:09] [Server thread/INFO]: Starting Minecraft server on *:25565
[23:49:09] [Server thread/INFO]: Using epoll channel type
[23:49:09] [Server thread/INFO]: Set PluginClassLoader as parallel capable
[23:49:09] [Server thread/INFO]: [MassiveCore] Loading MassiveCore v2.8.5
[23:49:09] [Server thread/INFO]: TimeUnit.MILLIS_PER_MINUTE: 60000
[23:49:09] [Server thread/INFO]: [Factions] Loading Factions v2.8.5
[23:49:09] [Server thread/INFO]: [MassiveCore] Enabling MassiveCore v2.8.5
[23:49:09] [Server thread/INFO]: [MassiveCore 2.8.5] === ENABLE START ===
[23:49:10] [Server thread/INFO]: [MassiveCore 2.8.5] Loading Cachefile datas...
[23:49:10] [Server thread/INFO]: [MassiveCore 2.8.5] Loading Onlineplayer datas...
[23:49:10] [Server thread/INFO]: [MassiveCore 2.8.5] Loading Registry datas...
[23:49:10] [Server thread/INFO]: [MassiveCore 2.8.5] Saving Cachefile...
[23:49:10] [Server thread/INFO]: [MassiveCore 2.8.5] Setup of IdUtil took 106ms.
[23:49:11] [Server thread/INFO]: [MassiveCore 2.8.5] === ENABLE COMPLETE (Took 1250ms) ===
[23:49:11] [Server thread/WARN]: **** SERVER IS RUNNING IN OFFLINE/INSECURE MODE!
[23:49:11] [Server thread/WARN]: The server will make no attempt to authenticate usernames. Beware.
[23:49:11] [Server thread/WARN]: While this makes the game possible to play without internet access, it also opens up the ability for hackers to connect with any username they choose.
[23:49:11] [Server thread/WARN]: To change this, set "online-mode" to "true" in the server.properties file.
[23:49:11] [Server thread/INFO]: **** Beginning UUID conversion, this may take A LONG time ****
[23:49:11] [Server thread/INFO]: Preparing level "world"
[23:49:11] [Server thread/INFO]: -------- World Settings For [world] --------
[23:49:11] [Server thread/INFO]: Mob Spawn Range: 4
[23:49:11] [Server thread/INFO]: Anti X-Ray: true
[23:49:11] [Server thread/INFO]: 	Engine Mode: 1
[23:49:11] [Server thread/INFO]: 	Hidden Blocks: [14, 15, 16, 21, 48, 49, 54, 56, 73, 74, 82, 129, 130]
[23:49:11] [Server thread/INFO]: 	Replace Blocks: [1, 5]
[23:49:11] [Server thread/INFO]: Nerfing mobs spawned from spawners: false
[23:49:11] [Server thread/INFO]: Cactus Growth Modifier: 100%
[23:49:11] [Server thread/INFO]: Cane Growth Modifier: 100%
[23:49:11] [Server thread/INFO]: Melon Growth Modifier: 100%
[23:49:11] [Server thread/INFO]: Mushroom Growth Modifier: 100%
[23:49:11] [Server thread/INFO]: Pumpkin Growth Modifier: 100%
[23:49:11] [Server thread/INFO]: Sapling Growth Modifier: 100%
[23:49:11] [Server thread/INFO]: Wheat Growth Modifier: 100%
[23:49:11] [Server thread/INFO]: NetherWart Growth Modifier: 100%
[23:49:11] [Server thread/INFO]: Entity Activation Range: An 32 / Mo 32 / Mi 16
[23:49:11] [Server thread/INFO]: Entity Tracking Range: Pl 48 / An 48 / Mo 48 / Mi 32 / Other 64
[23:49:11] [Server thread/INFO]: Hopper Transfer: 8 Hopper Check: 8 Hopper Amount: 1
[23:49:11] [Server thread/INFO]: Random Lighting Updates: false
[23:49:11] [Server thread/INFO]: Structure Info Saving: true
[23:49:11] [Server thread/INFO]: Sending up to 10 chunks per packet
[23:49:11] [Server thread/INFO]: Max Entity Collisions: 8
[23:49:11] [Server thread/INFO]: Custom Map Seeds:  Village: 10387312 Feature: 14357617
[23:49:11] [Server thread/INFO]: Max TNT Explosions: 100
[23:49:11] [Server thread/INFO]: Tile Max Tick Time: 50ms Entity max Tick Time: 50ms
[23:49:11] [Server thread/INFO]: Item Despawn Rate: 6000
[23:49:11] [Server thread/INFO]: Item Merge Radius: 2.5
[23:49:11] [Server thread/INFO]: Arrow Despawn Rate: 1200
[23:49:11] [Server thread/INFO]: Allow Zombie Pigmen to spawn from portal blocks: true
[23:49:11] [Server thread/INFO]: View Distance: 10
[23:49:11] [Server thread/INFO]: Zombie Aggressive Towards Villager: true
[23:49:11] [Server thread/INFO]: Chunks to Grow per Tick: 650
[23:49:11] [Server thread/INFO]: Clear tick list: false
[23:49:11] [Server thread/INFO]: Experience Merge Radius: 3.0
[23:49:11] [Server thread/INFO]: -------- World Settings For [world_nether] --------
[23:49:11] [Server thread/INFO]: Mob Spawn Range: 4
[23:49:11] [Server thread/INFO]: Anti X-Ray: true
[23:49:11] [Server thread/INFO]: 	Engine Mode: 1
[23:49:11] [Server thread/INFO]: 	Hidden Blocks: [14, 15, 16, 21, 48, 49, 54, 56, 73, 74, 82, 129, 130]
[23:49:11] [Server thread/INFO]: 	Replace Blocks: [1, 5]
[23:49:11] [Server thread/INFO]: Nerfing mobs spawned from spawners: false
[23:49:11] [Server thread/INFO]: Cactus Growth Modifier: 100%
[23:49:11] [Server thread/INFO]: Cane Growth Modifier: 100%
[23:49:11] [Server thread/INFO]: Melon Growth Modifier: 100%
[23:49:11] [Server thread/INFO]: Mushroom Growth Modifier: 100%
[23:49:11] [Server thread/INFO]: Pumpkin Growth Modifier: 100%
[23:49:11] [Server thread/INFO]: Sapling Growth Modifier: 100%
[23:49:11] [Server thread/INFO]: Wheat Growth Modifier: 100%
[23:49:11] [Server thread/INFO]: NetherWart Growth Modifier: 100%
[23:49:11] [Server thread/INFO]: Entity Activation Range: An 32 / Mo 32 / Mi 16
[23:49:11] [Server thread/INFO]: Entity Tracking Range: Pl 48 / An 48 / Mo 48 / Mi 32 / Other 64
[23:49:11] [Server thread/INFO]: Hopper Transfer: 8 Hopper Check: 8 Hopper Amount: 1
[23:49:11] [Server thread/INFO]: Random Lighting Updates: false
[23:49:11] [Server thread/INFO]: Structure Info Saving: true
[23:49:11] [Server thread/INFO]: Sending up to 10 chunks per packet
[23:49:11] [Server thread/INFO]: Max Entity Collisions: 8
[23:49:11] [Server thread/INFO]: Custom Map Seeds:  Village: 10387312 Feature: 14357617
[23:49:11] [Server thread/INFO]: Max TNT Explosions: 100
[23:49:11] [Server thread/INFO]: Tile Max Tick Time: 50ms Entity max Tick Time: 50ms
[23:49:11] [Server thread/INFO]: Item Despawn Rate: 6000
[23:49:11] [Server thread/INFO]: Item Merge Radius: 2.5
[23:49:11] [Server thread/INFO]: Arrow Despawn Rate: 1200
[23:49:11] [Server thread/INFO]: Allow Zombie Pigmen to spawn from portal blocks: true
[23:49:11] [Server thread/INFO]: View Distance: 10
[23:49:11] [Server thread/INFO]: Zombie Aggressive Towards Villager: true
[23:49:11] [Server thread/INFO]: Chunks to Grow per Tick: 650
[23:49:11] [Server thread/INFO]: Clear tick list: false
[23:49:11] [Server thread/INFO]: Experience Merge Radius: 3.0
[23:49:11] [Server thread/INFO]: -------- World Settings For [world_the_end] --------
[23:49:11] [Server thread/INFO]: Mob Spawn Range: 4
[23:49:11] [Server thread/INFO]: Anti X-Ray: true
[23:49:11] [Server thread/INFO]: 	Engine Mode: 1
[23:49:11] [Server thread/INFO]: 	Hidden Blocks: [14, 15, 16, 21, 48, 49, 54, 56, 73, 74, 82, 129, 130]
[23:49:11] [Server thread/INFO]: 	Replace Blocks: [1, 5]
[23:49:11] [Server thread/INFO]: Nerfing mobs spawned from spawners: false
[23:49:11] [Server thread/INFO]: Cactus Growth Modifier: 100%
[23:49:11] [Server thread/INFO]: Cane Growth Modifier: 100%
[23:49:11] [Server thread/INFO]: Melon Growth Modifier: 100%
[23:49:11] [Server thread/INFO]: Mushroom Growth Modifier: 100%
[23:49:11] [Server thread/INFO]: Pumpkin Growth Modifier: 100%
[23:49:11] [Server thread/INFO]: Sapling Growth Modifier: 100%
[23:49:11] [Server thread/INFO]: Wheat Growth Modifier: 100%
[23:49:11] [Server thread/INFO]: NetherWart Growth Modifier: 100%
[23:49:11] [Server thread/INFO]: Entity Activation Range: An 32 / Mo 32 / Mi 16
[23:49:11] [Server thread/INFO]: Entity Tracking Range: Pl 48 / An 48 / Mo 48 / Mi 32 / Other 64
[23:49:11] [Server thread/INFO]: Hopper Transfer: 8 Hopper Check: 8 Hopper Amount: 1
[23:49:11] [Server thread/INFO]: Random Lighting Updates: false
[23:49:11] [Server thread/INFO]: Structure Info Saving: true
[23:49:11] [Server thread/INFO]: Sending up to 10 chunks per packet
[23:49:11] [Server thread/INFO]: Max Entity Collisions: 8
[23:49:11] [Server thread/INFO]: Custom Map Seeds:  Village: 10387312 Feature: 14357617
[23:49:11] [Server thread/INFO]: Max TNT Explosions: 100
[23:49:11] [Server thread/INFO]: Tile Max Tick Time: 50ms Entity max Tick Time: 50ms
[23:49:11] [Server thread/INFO]: Item Despawn Rate: 6000
[23:49:11] [Server thread/INFO]: Item Merge Radius: 2.5
[23:49:11] [Server thread/INFO]: Arrow Despawn Rate: 1200
[23:49:11] [Server thread/INFO]: Allow Zombie Pigmen to spawn from portal blocks: true
[23:49:11] [Server thread/INFO]: View Distance: 10
[23:49:11] [Server thread/INFO]: Zombie Aggressive Towards Villager: true
[23:49:11] [Server thread/INFO]: Chunks to Grow per Tick: 650
[23:49:11] [Server thread/INFO]: Clear tick list: false
[23:49:11] [Server thread/INFO]: Experience Merge Radius: 3.0
[23:49:12] [Server thread/INFO]: Preparing start region for level 0 (Seed: 6228047061888567923)
[23:49:13] [Server thread/INFO]: Preparing spawn area: 10%
[23:49:14] [Server thread/INFO]: Preparing spawn area: 63%
[23:49:14] [Server thread/INFO]: Preparing start region for level 1 (Seed: 6228047061888567923)
[23:49:15] [Server thread/INFO]: Preparing spawn area: 7%
[23:49:16] [Server thread/INFO]: Preparing spawn area: 54%
[23:49:17] [Server thread/INFO]: Preparing start region for level 2 (Seed: 6228047061888567923)
[23:49:18] [Server thread/INFO]: [Factions] Enabling Factions v2.8.5
[23:49:18] [Server thread/INFO]: [Factions 2.8.5] === ENABLE START ===
[23:49:18] [Server thread/INFO]: [Factions 2.8.5] === ENABLE COMPLETE (Took 543ms) ===
[23:49:18] [Server thread/INFO]: Server permissions file permissions.yml is empty, ignoring it
[23:49:18] [Server thread/INFO]: Done (7.396s)! For help, type "help" or "?"
